<?xml version="1.0" encoding="UTF-8"?>
<testsuite xmlns:xsi="http://www.w3.org/2001/XMLSchema-instance" xsi:noNamespaceSchemaLocation="https://maven.apache.org/surefire/maven-surefire-plugin/xsd/surefire-test-report.xsd" version="3.0.2" name="com.johndoe.bajajfinserv.BajajfinservApplicationTests" time="3.507" tests="1" errors="0" skipped="0" failures="0">
  <properties>
[...]
</properties>
  <testcase name="contextLoads" classname="com.johndoe.bajajfinserv.BajajfinservApplicationTests" time="1.082">
    <system-out><![CDATA[22:52:44.281 [main] INFO org.springframework.test.context.support.AnnotationConfigContextLoaderUtils -- Could not detect default configuration classes for test class [com.johndoe.bajajfinserv.BajajfinservApplicationTests]: BajajfinservApplicationTests does not declare any static, non-private, non-final, nested classes annotated with @Configuration.
22:52:44.395 [main] INFO org.springframework.boot.test.context.SpringBootTestContextBootstrapper -- Found @SpringBootConfiguration com.johndoe.bajajfinserv.BajajfinservApplication for test class com.johndoe.bajajfinserv.BajajfinservApplicationTests

  .   ____          _            __ _ _
 /\\ / ___'_ __ _ _(_)_ __  __ _ \ \ \ \
( ( )\___ | '_ | '_| | '_ \/ _` | \ \ \ \
 \\/  ___)| |_)| | | | | || (_| |  ) ) ) )
  '  |____| .__|_| |_|_| |_\__, | / / / /
 =========|_|==============|___/=/_/_/_/

 :: Spring Boot ::                (v3.4.5)

2025-05-21T22:52:44.789+05:30  INFO 2872 --- [bajajfinserv] [           main] c.j.b.BajajfinservApplicationTests       : Starting BajajfinservApplicationTests using Java 24.0.1 with PID 2872 (started by surajmapari in C:\Users\SurajMapari\Documents\bajajfinserv)
2025-05-21T22:52:44.790+05:30  INFO 2872 --- [bajajfinserv] [           main] c.j.b.BajajfinservApplicationTests       : No active profile set, falling back to 1 default profile: "default"
2025-05-21T22:52:45.800+05:30  INFO 2872 --- [bajajfinserv] [           main] c.j.b.BajajfinservApplicationTests       : Started BajajfinservApplicationTests in 1.279 seconds (process running for 2.055)
Application starting...
Sending request to generate webhook...
Received Webhook URL: https://bfhldevapigw.healthrx.co.in/hiring/testWebhook/JAVA
Received Access Token: eyJhbGciOiJIUzI1NiJ9.eyJyZWdObyI6IjEyNjIyNDA0NDgiLCJuYW1lIjoiU1VSQUogTUFQQVJJIiwiZW1haWwiOiJzdXJhai5tYXBhcmlAbWl0d3B1LmVkdS5pbiIsInN1YiI6IndlYmhvb2stdXNlciIsImlhdCI6MTc0Nzg0ODE2OSwiZXhwIjoxNzQ3ODQ5MDY5fQ.DQ1pDsUhpC2iaPUGDqUUH74gXNURGwNA3LzQbEYVJO8
Submitting SQL solution to: https://bfhldevapigw.healthrx.co.in/hiring/testWebhook/JAVA
Submission response status: 200 OK
Submission response body: {"success":true,"message":"Webhook processed successfully"}
Application finished.
]]></system-out>
    <system-err><![CDATA[Mockito is currently self-attaching to enable the inline-mock-maker. This will no longer work in future releases of the JDK. Please add Mockito as an agent to your build what is described in Mockito's documentation: https://javadoc.io/doc/org.mockito/mockito-core/latest/org/mockito/Mockito.html#0.3
WARNING: A Java agent has been loaded dynamically (C:\Users\SurajMapari\.m2\repository\net\bytebuddy\byte-buddy-agent\1.15.11\byte-buddy-agent-1.15.11.jar)
WARNING: If a serviceability tool is in use, please run with -XX:+EnableDynamicAgentLoading to hide this warning
WARNING: If a serviceability tool is not in use, please run with -Djdk.instrument.traceUsage for more information
WARNING: Dynamic loading of agents will be disallowed by default in a future release
]]></system-err>
  </testcase>
</testsuite>